[2.305s] Invoking command in '/home/dok4ever/ros2_tutorial_workspace/src/python_package_with_a_node': CONDA_PROMPT_MODIFIER=(base) DEBUGINFOD_URLS=https://debuginfod.ubuntu.com PYTHONPATH=/home/dok4ever/ros2_tutorial_workspace/build/python_package_with_a_node/prefix_override:/usr/lib/python3/dist-packages/colcon_core/task/python/colcon_distutils_commands:/home/dok4ever/ros2_tutorial_workspace/install/python_package_with_a_node/lib/python3.12/site-packages:${PYTHONPATH} /usr/bin/python3 -W ignore:setup.py install is deprecated -W ignore:easy_install command is deprecated setup.py egg_info --egg-base ../../build/python_package_with_a_node build --build-base /home/dok4ever/ros2_tutorial_workspace/build/python_package_with_a_node/build install --record /home/dok4ever/ros2_tutorial_workspace/build/python_package_with_a_node/install.log --single-version-externally-managed install_data
[2.940s] running egg_info
[2.996s] writing ../../build/python_package_with_a_node/python_package_with_a_node.egg-info/PKG-INFO
[3.000s] writing dependency_links to ../../build/python_package_with_a_node/python_package_with_a_node.egg-info/dependency_links.txt
[3.000s] writing entry points to ../../build/python_package_with_a_node/python_package_with_a_node.egg-info/entry_points.txt
[3.001s] writing requirements to ../../build/python_package_with_a_node/python_package_with_a_node.egg-info/requires.txt
[3.001s] writing top-level names to ../../build/python_package_with_a_node/python_package_with_a_node.egg-info/top_level.txt
[3.088s] reading manifest file '../../build/python_package_with_a_node/python_package_with_a_node.egg-info/SOURCES.txt'
[3.090s] writing manifest file '../../build/python_package_with_a_node/python_package_with_a_node.egg-info/SOURCES.txt'
[3.091s] running build
[3.091s] running build_py
[3.092s] copying python_package_with_a_node/print_forever_node.py -> /home/dok4ever/ros2_tutorial_workspace/build/python_package_with_a_node/build/lib/python_package_with_a_node
[3.093s] running install
[3.107s] running install_lib
[3.137s] copying /home/dok4ever/ros2_tutorial_workspace/build/python_package_with_a_node/build/lib/python_package_with_a_node/print_forever_node.py -> /home/dok4ever/ros2_tutorial_workspace/install/python_package_with_a_node/lib/python3.12/site-packages/python_package_with_a_node
[3.141s] byte-compiling /home/dok4ever/ros2_tutorial_workspace/install/python_package_with_a_node/lib/python3.12/site-packages/python_package_with_a_node/print_forever_node.py to print_forever_node.cpython-312.pyc
[3.143s] running install_data
[3.143s] running install_egg_info
[3.196s] removing '/home/dok4ever/ros2_tutorial_workspace/install/python_package_with_a_node/lib/python3.12/site-packages/python_package_with_a_node-0.0.0-py3.12.egg-info' (and everything under it)
[3.198s] Copying ../../build/python_package_with_a_node/python_package_with_a_node.egg-info to /home/dok4ever/ros2_tutorial_workspace/install/python_package_with_a_node/lib/python3.12/site-packages/python_package_with_a_node-0.0.0-py3.12.egg-info
[3.202s] running install_scripts
[3.531s] Installing print_forever_node script to /home/dok4ever/ros2_tutorial_workspace/install/python_package_with_a_node/lib/python_package_with_a_node
[3.531s] Installing sample_python_node script to /home/dok4ever/ros2_tutorial_workspace/install/python_package_with_a_node/lib/python_package_with_a_node
[3.532s] writing list of installed files to '/home/dok4ever/ros2_tutorial_workspace/build/python_package_with_a_node/install.log'
[3.606s] Invoked command in '/home/dok4ever/ros2_tutorial_workspace/src/python_package_with_a_node' returned '0': CONDA_PROMPT_MODIFIER=(base) DEBUGINFOD_URLS=https://debuginfod.ubuntu.com PYTHONPATH=/home/dok4ever/ros2_tutorial_workspace/build/python_package_with_a_node/prefix_override:/usr/lib/python3/dist-packages/colcon_core/task/python/colcon_distutils_commands:/home/dok4ever/ros2_tutorial_workspace/install/python_package_with_a_node/lib/python3.12/site-packages:${PYTHONPATH} /usr/bin/python3 -W ignore:setup.py install is deprecated -W ignore:easy_install command is deprecated setup.py egg_info --egg-base ../../build/python_package_with_a_node build --build-base /home/dok4ever/ros2_tutorial_workspace/build/python_package_with_a_node/build install --record /home/dok4ever/ros2_tutorial_workspace/build/python_package_with_a_node/install.log --single-version-externally-managed install_data
