running egg_info
creating ../../build/python_package_with_a_node/python_package_with_a_node.egg-info
writing ../../build/python_package_with_a_node/python_package_with_a_node.egg-info/PKG-INFO
writing dependency_links to ../../build/python_package_with_a_node/python_package_with_a_node.egg-info/dependency_links.txt
writing entry points to ../../build/python_package_with_a_node/python_package_with_a_node.egg-info/entry_points.txt
writing requirements to ../../build/python_package_with_a_node/python_package_with_a_node.egg-info/requires.txt
writing top-level names to ../../build/python_package_with_a_node/python_package_with_a_node.egg-info/top_level.txt
writing manifest file '../../build/python_package_with_a_node/python_package_with_a_node.egg-info/SOURCES.txt'
reading manifest file '../../build/python_package_with_a_node/python_package_with_a_node.egg-info/SOURCES.txt'
writing manifest file '../../build/python_package_with_a_node/python_package_with_a_node.egg-info/SOURCES.txt'
running build
running build_py
creating /home/dok4ever/ros2_tutorial_workspace/build/python_package_with_a_node/build
creating /home/dok4ever/ros2_tutorial_workspace/build/python_package_with_a_node/build/lib
creating /home/dok4ever/ros2_tutorial_workspace/build/python_package_with_a_node/build/lib/python_package_with_a_node
copying python_package_with_a_node/__init__.py -> /home/dok4ever/ros2_tutorial_workspace/build/python_package_with_a_node/build/lib/python_package_with_a_node
copying python_package_with_a_node/sample_python_node.py -> /home/dok4ever/ros2_tutorial_workspace/build/python_package_with_a_node/build/lib/python_package_with_a_node
running install
running install_lib
creating /home/dok4ever/ros2_tutorial_workspace/install/python_package_with_a_node/lib/python3.12/site-packages/python_package_with_a_node
copying /home/dok4ever/ros2_tutorial_workspace/build/python_package_with_a_node/build/lib/python_package_with_a_node/__init__.py -> /home/dok4ever/ros2_tutorial_workspace/install/python_package_with_a_node/lib/python3.12/site-packages/python_package_with_a_node
copying /home/dok4ever/ros2_tutorial_workspace/build/python_package_with_a_node/build/lib/python_package_with_a_node/sample_python_node.py -> /home/dok4ever/ros2_tutorial_workspace/install/python_package_with_a_node/lib/python3.12/site-packages/python_package_with_a_node
byte-compiling /home/dok4ever/ros2_tutorial_workspace/install/python_package_with_a_node/lib/python3.12/site-packages/python_package_with_a_node/__init__.py to __init__.cpython-312.pyc
byte-compiling /home/dok4ever/ros2_tutorial_workspace/install/python_package_with_a_node/lib/python3.12/site-packages/python_package_with_a_node/sample_python_node.py to sample_python_node.cpython-312.pyc
running install_data
creating /home/dok4ever/ros2_tutorial_workspace/install/python_package_with_a_node/share/ament_index
creating /home/dok4ever/ros2_tutorial_workspace/install/python_package_with_a_node/share/ament_index/resource_index
creating /home/dok4ever/ros2_tutorial_workspace/install/python_package_with_a_node/share/ament_index/resource_index/packages
copying resource/python_package_with_a_node -> /home/dok4ever/ros2_tutorial_workspace/install/python_package_with_a_node/share/ament_index/resource_index/packages
copying package.xml -> /home/dok4ever/ros2_tutorial_workspace/install/python_package_with_a_node/share/python_package_with_a_node
running install_egg_info
Copying ../../build/python_package_with_a_node/python_package_with_a_node.egg-info to /home/dok4ever/ros2_tutorial_workspace/install/python_package_with_a_node/lib/python3.12/site-packages/python_package_with_a_node-0.0.0-py3.12.egg-info
running install_scripts
Installing sample_python_node script to /home/dok4ever/ros2_tutorial_workspace/install/python_package_with_a_node/lib/python_package_with_a_node
writing list of installed files to '/home/dok4ever/ros2_tutorial_workspace/build/python_package_with_a_node/install.log'
