[1.777s] Invoking command in '/home/dok4ever/ros2_tutorial_workspace/src/python_package_with_a_node': CONDA_PROMPT_MODIFIER=(base) DEBUGINFOD_URLS=https://debuginfod.ubuntu.com PYTHONPATH=/home/dok4ever/ros2_tutorial_workspace/build/python_package_with_a_node/prefix_override:/usr/lib/python3/dist-packages/colcon_core/task/python/colcon_distutils_commands:/home/dok4ever/ros2_tutorial_workspace/install/python_package_with_a_node/lib/python3.12/site-packages:${PYTHONPATH} /usr/bin/python3 -W ignore:setup.py install is deprecated -W ignore:easy_install command is deprecated setup.py egg_info --egg-base ../../build/python_package_with_a_node build --build-base /home/dok4ever/ros2_tutorial_workspace/build/python_package_with_a_node/build install --record /home/dok4ever/ros2_tutorial_workspace/build/python_package_with_a_node/install.log --single-version-externally-managed install_data
[2.586s] running egg_info
[2.586s] creating ../../build/python_package_with_a_node/python_package_with_a_node.egg-info
[2.612s] writing ../../build/python_package_with_a_node/python_package_with_a_node.egg-info/PKG-INFO
[2.613s] writing dependency_links to ../../build/python_package_with_a_node/python_package_with_a_node.egg-info/dependency_links.txt
[2.613s] writing entry points to ../../build/python_package_with_a_node/python_package_with_a_node.egg-info/entry_points.txt
[2.613s] writing requirements to ../../build/python_package_with_a_node/python_package_with_a_node.egg-info/requires.txt
[2.614s] writing top-level names to ../../build/python_package_with_a_node/python_package_with_a_node.egg-info/top_level.txt
[2.614s] writing manifest file '../../build/python_package_with_a_node/python_package_with_a_node.egg-info/SOURCES.txt'
[2.675s] reading manifest file '../../build/python_package_with_a_node/python_package_with_a_node.egg-info/SOURCES.txt'
[2.676s] writing manifest file '../../build/python_package_with_a_node/python_package_with_a_node.egg-info/SOURCES.txt'
[2.677s] running build
[2.677s] running build_py
[2.677s] creating /home/dok4ever/ros2_tutorial_workspace/build/python_package_with_a_node/build
[2.678s] creating /home/dok4ever/ros2_tutorial_workspace/build/python_package_with_a_node/build/lib
[2.681s] creating /home/dok4ever/ros2_tutorial_workspace/build/python_package_with_a_node/build/lib/python_package_with_a_node
[2.682s] copying python_package_with_a_node/__init__.py -> /home/dok4ever/ros2_tutorial_workspace/build/python_package_with_a_node/build/lib/python_package_with_a_node
[2.682s] copying python_package_with_a_node/sample_python_node.py -> /home/dok4ever/ros2_tutorial_workspace/build/python_package_with_a_node/build/lib/python_package_with_a_node
[2.682s] running install
[2.691s] running install_lib
[2.720s] creating /home/dok4ever/ros2_tutorial_workspace/install/python_package_with_a_node/lib/python3.12/site-packages/python_package_with_a_node
[2.721s] copying /home/dok4ever/ros2_tutorial_workspace/build/python_package_with_a_node/build/lib/python_package_with_a_node/__init__.py -> /home/dok4ever/ros2_tutorial_workspace/install/python_package_with_a_node/lib/python3.12/site-packages/python_package_with_a_node
[2.721s] copying /home/dok4ever/ros2_tutorial_workspace/build/python_package_with_a_node/build/lib/python_package_with_a_node/sample_python_node.py -> /home/dok4ever/ros2_tutorial_workspace/install/python_package_with_a_node/lib/python3.12/site-packages/python_package_with_a_node
[2.722s] byte-compiling /home/dok4ever/ros2_tutorial_workspace/install/python_package_with_a_node/lib/python3.12/site-packages/python_package_with_a_node/__init__.py to __init__.cpython-312.pyc
[2.723s] byte-compiling /home/dok4ever/ros2_tutorial_workspace/install/python_package_with_a_node/lib/python3.12/site-packages/python_package_with_a_node/sample_python_node.py to sample_python_node.cpython-312.pyc
[2.726s] running install_data
[2.727s] creating /home/dok4ever/ros2_tutorial_workspace/install/python_package_with_a_node/share/ament_index
[2.727s] creating /home/dok4ever/ros2_tutorial_workspace/install/python_package_with_a_node/share/ament_index/resource_index
[2.727s] creating /home/dok4ever/ros2_tutorial_workspace/install/python_package_with_a_node/share/ament_index/resource_index/packages
[2.727s] copying resource/python_package_with_a_node -> /home/dok4ever/ros2_tutorial_workspace/install/python_package_with_a_node/share/ament_index/resource_index/packages
[2.727s] copying package.xml -> /home/dok4ever/ros2_tutorial_workspace/install/python_package_with_a_node/share/python_package_with_a_node
[2.727s] running install_egg_info
[2.815s] Copying ../../build/python_package_with_a_node/python_package_with_a_node.egg-info to /home/dok4ever/ros2_tutorial_workspace/install/python_package_with_a_node/lib/python3.12/site-packages/python_package_with_a_node-0.0.0-py3.12.egg-info
[2.817s] running install_scripts
[3.277s] Installing sample_python_node script to /home/dok4ever/ros2_tutorial_workspace/install/python_package_with_a_node/lib/python_package_with_a_node
[3.279s] writing list of installed files to '/home/dok4ever/ros2_tutorial_workspace/build/python_package_with_a_node/install.log'
[3.375s] Invoked command in '/home/dok4ever/ros2_tutorial_workspace/src/python_package_with_a_node' returned '0': CONDA_PROMPT_MODIFIER=(base) DEBUGINFOD_URLS=https://debuginfod.ubuntu.com PYTHONPATH=/home/dok4ever/ros2_tutorial_workspace/build/python_package_with_a_node/prefix_override:/usr/lib/python3/dist-packages/colcon_core/task/python/colcon_distutils_commands:/home/dok4ever/ros2_tutorial_workspace/install/python_package_with_a_node/lib/python3.12/site-packages:${PYTHONPATH} /usr/bin/python3 -W ignore:setup.py install is deprecated -W ignore:easy_install command is deprecated setup.py egg_info --egg-base ../../build/python_package_with_a_node build --build-base /home/dok4ever/ros2_tutorial_workspace/build/python_package_with_a_node/build install --record /home/dok4ever/ros2_tutorial_workspace/build/python_package_with_a_node/install.log --single-version-externally-managed install_data
