running egg_info
creating ../../build/python_package_with_a_library/python_package_with_a_library.egg-info
writing ../../build/python_package_with_a_library/python_package_with_a_library.egg-info/PKG-INFO
writing dependency_links to ../../build/python_package_with_a_library/python_package_with_a_library.egg-info/dependency_links.txt
writing requirements to ../../build/python_package_with_a_library/python_package_with_a_library.egg-info/requires.txt
writing top-level names to ../../build/python_package_with_a_library/python_package_with_a_library.egg-info/top_level.txt
writing manifest file '../../build/python_package_with_a_library/python_package_with_a_library.egg-info/SOURCES.txt'
reading manifest file '../../build/python_package_with_a_library/python_package_with_a_library.egg-info/SOURCES.txt'
writing manifest file '../../build/python_package_with_a_library/python_package_with_a_library.egg-info/SOURCES.txt'
running build
running build_py
creating /home/dok4ever/ros2_tutorial_workspace/build/python_package_with_a_library/build
creating /home/dok4ever/ros2_tutorial_workspace/build/python_package_with_a_library/build/lib
creating /home/dok4ever/ros2_tutorial_workspace/build/python_package_with_a_library/build/lib/python_package_with_a_library
copying python_package_with_a_library/__init__.py -> /home/dok4ever/ros2_tutorial_workspace/build/python_package_with_a_library/build/lib/python_package_with_a_library
creating /home/dok4ever/ros2_tutorial_workspace/build/python_package_with_a_library/build/lib/python_package_with_a_library/sample_python_library
copying python_package_with_a_library/sample_python_library/__init__.py -> /home/dok4ever/ros2_tutorial_workspace/build/python_package_with_a_library/build/lib/python_package_with_a_library/sample_python_library
copying python_package_with_a_library/sample_python_library/_sample_function.py -> /home/dok4ever/ros2_tutorial_workspace/build/python_package_with_a_library/build/lib/python_package_with_a_library/sample_python_library
copying python_package_with_a_library/sample_python_library/_sample_class.py -> /home/dok4ever/ros2_tutorial_workspace/build/python_package_with_a_library/build/lib/python_package_with_a_library/sample_python_library
running install
running install_lib
creating /home/dok4ever/ros2_tutorial_workspace/install/python_package_with_a_library/lib/python3.12/site-packages/python_package_with_a_library
creating /home/dok4ever/ros2_tutorial_workspace/install/python_package_with_a_library/lib/python3.12/site-packages/python_package_with_a_library/sample_python_library
copying /home/dok4ever/ros2_tutorial_workspace/build/python_package_with_a_library/build/lib/python_package_with_a_library/sample_python_library/__init__.py -> /home/dok4ever/ros2_tutorial_workspace/install/python_package_with_a_library/lib/python3.12/site-packages/python_package_with_a_library/sample_python_library
copying /home/dok4ever/ros2_tutorial_workspace/build/python_package_with_a_library/build/lib/python_package_with_a_library/sample_python_library/_sample_function.py -> /home/dok4ever/ros2_tutorial_workspace/install/python_package_with_a_library/lib/python3.12/site-packages/python_package_with_a_library/sample_python_library
copying /home/dok4ever/ros2_tutorial_workspace/build/python_package_with_a_library/build/lib/python_package_with_a_library/sample_python_library/_sample_class.py -> /home/dok4ever/ros2_tutorial_workspace/install/python_package_with_a_library/lib/python3.12/site-packages/python_package_with_a_library/sample_python_library
copying /home/dok4ever/ros2_tutorial_workspace/build/python_package_with_a_library/build/lib/python_package_with_a_library/__init__.py -> /home/dok4ever/ros2_tutorial_workspace/install/python_package_with_a_library/lib/python3.12/site-packages/python_package_with_a_library
byte-compiling /home/dok4ever/ros2_tutorial_workspace/install/python_package_with_a_library/lib/python3.12/site-packages/python_package_with_a_library/sample_python_library/__init__.py to __init__.cpython-312.pyc
byte-compiling /home/dok4ever/ros2_tutorial_workspace/install/python_package_with_a_library/lib/python3.12/site-packages/python_package_with_a_library/sample_python_library/_sample_function.py to _sample_function.cpython-312.pyc
byte-compiling /home/dok4ever/ros2_tutorial_workspace/install/python_package_with_a_library/lib/python3.12/site-packages/python_package_with_a_library/sample_python_library/_sample_class.py to _sample_class.cpython-312.pyc
byte-compiling /home/dok4ever/ros2_tutorial_workspace/install/python_package_with_a_library/lib/python3.12/site-packages/python_package_with_a_library/__init__.py to __init__.cpython-312.pyc
running install_data
creating /home/dok4ever/ros2_tutorial_workspace/install/python_package_with_a_library/share/ament_index
creating /home/dok4ever/ros2_tutorial_workspace/install/python_package_with_a_library/share/ament_index/resource_index
creating /home/dok4ever/ros2_tutorial_workspace/install/python_package_with_a_library/share/ament_index/resource_index/packages
copying resource/python_package_with_a_library -> /home/dok4ever/ros2_tutorial_workspace/install/python_package_with_a_library/share/ament_index/resource_index/packages
copying package.xml -> /home/dok4ever/ros2_tutorial_workspace/install/python_package_with_a_library/share/python_package_with_a_library
running install_egg_info
Copying ../../build/python_package_with_a_library/python_package_with_a_library.egg-info to /home/dok4ever/ros2_tutorial_workspace/install/python_package_with_a_library/lib/python3.12/site-packages/python_package_with_a_library-0.0.0-py3.12.egg-info
running install_scripts
writing list of installed files to '/home/dok4ever/ros2_tutorial_workspace/build/python_package_with_a_library/install.log'
