[1.571s] Invoking command in '/home/dok4ever/ros2_tutorial_workspace/src/python_package_that_uses_the_library': AMENT_PREFIX_PATH=/home/dok4ever/ros2_tutorial_workspace/install/python_package_with_a_library:/home/dok4ever/ros2_tutorial_workspace/install/python_package_that_uses_the_library:/home/dok4ever/ros2_tutorial_workspace/install/the_simplest_python_package:/home/dok4ever/ros2_tutorial_workspace/install/python_package_with_a_node:/opt/ros/kilted CONDA_PROMPT_MODIFIER=(base) DEBUGINFOD_URLS=https://debuginfod.ubuntu.com PYTHONPATH=/home/dok4ever/ros2_tutorial_workspace/build/python_package_that_uses_the_library/prefix_override:/usr/lib/python3/dist-packages/colcon_core/task/python/colcon_distutils_commands:/home/dok4ever/ros2_tutorial_workspace/install/python_package_that_uses_the_library/lib/python3.12/site-packages:/home/dok4ever/ros2_tutorial_workspace/install/python_package_with_a_library/lib/python3.12/site-packages:/home/dok4ever/ros2_tutorial_workspace/install/python_package_that_uses_the_library/lib/python3.12/site-packages:/home/dok4ever/ros2_tutorial_workspace/install/the_simplest_python_package/lib/python3.12/site-packages:/home/dok4ever/ros2_tutorial_workspace/install/python_package_with_a_node/lib/python3.12/site-packages:/opt/ros/kilted/lib/python3.12/site-packages /usr/bin/python3 -W ignore:setup.py install is deprecated -W ignore:easy_install command is deprecated setup.py egg_info --egg-base ../../build/python_package_that_uses_the_library build --build-base /home/dok4ever/ros2_tutorial_workspace/build/python_package_that_uses_the_library/build install --record /home/dok4ever/ros2_tutorial_workspace/build/python_package_that_uses_the_library/install.log --single-version-externally-managed install_data
[2.010s] running egg_info
[2.047s] writing ../../build/python_package_that_uses_the_library/python_package_that_uses_the_library.egg-info/PKG-INFO
[2.049s] writing dependency_links to ../../build/python_package_that_uses_the_library/python_package_that_uses_the_library.egg-info/dependency_links.txt
[2.050s] writing entry points to ../../build/python_package_that_uses_the_library/python_package_that_uses_the_library.egg-info/entry_points.txt
[2.051s] writing requirements to ../../build/python_package_that_uses_the_library/python_package_that_uses_the_library.egg-info/requires.txt
[2.053s] writing top-level names to ../../build/python_package_that_uses_the_library/python_package_that_uses_the_library.egg-info/top_level.txt
[2.140s] reading manifest file '../../build/python_package_that_uses_the_library/python_package_that_uses_the_library.egg-info/SOURCES.txt'
[2.140s] writing manifest file '../../build/python_package_that_uses_the_library/python_package_that_uses_the_library.egg-info/SOURCES.txt'
[2.140s] running build
[2.140s] running build_py
[2.141s] copying python_package_that_uses_the_library/node_that_uses_the_library.py -> /home/dok4ever/ros2_tutorial_workspace/build/python_package_that_uses_the_library/build/lib/python_package_that_uses_the_library
[2.141s] running install
[2.147s] running install_lib
[2.174s] copying /home/dok4ever/ros2_tutorial_workspace/build/python_package_that_uses_the_library/build/lib/python_package_that_uses_the_library/node_that_uses_the_library.py -> /home/dok4ever/ros2_tutorial_workspace/install/python_package_that_uses_the_library/lib/python3.12/site-packages/python_package_that_uses_the_library
[2.176s] byte-compiling /home/dok4ever/ros2_tutorial_workspace/install/python_package_that_uses_the_library/lib/python3.12/site-packages/python_package_that_uses_the_library/node_that_uses_the_library.py to node_that_uses_the_library.cpython-312.pyc
[2.176s] running install_data
[2.177s] running install_egg_info
[2.217s] removing '/home/dok4ever/ros2_tutorial_workspace/install/python_package_that_uses_the_library/lib/python3.12/site-packages/python_package_that_uses_the_library-0.0.0-py3.12.egg-info' (and everything under it)
[2.218s] Copying ../../build/python_package_that_uses_the_library/python_package_that_uses_the_library.egg-info to /home/dok4ever/ros2_tutorial_workspace/install/python_package_that_uses_the_library/lib/python3.12/site-packages/python_package_that_uses_the_library-0.0.0-py3.12.egg-info
[2.219s] running install_scripts
[2.432s] Installing node_that_uses_the_library script to /home/dok4ever/ros2_tutorial_workspace/install/python_package_that_uses_the_library/lib/python_package_that_uses_the_library
[2.433s] writing list of installed files to '/home/dok4ever/ros2_tutorial_workspace/build/python_package_that_uses_the_library/install.log'
[2.473s] Invoked command in '/home/dok4ever/ros2_tutorial_workspace/src/python_package_that_uses_the_library' returned '0': AMENT_PREFIX_PATH=/home/dok4ever/ros2_tutorial_workspace/install/python_package_with_a_library:/home/dok4ever/ros2_tutorial_workspace/install/python_package_that_uses_the_library:/home/dok4ever/ros2_tutorial_workspace/install/the_simplest_python_package:/home/dok4ever/ros2_tutorial_workspace/install/python_package_with_a_node:/opt/ros/kilted CONDA_PROMPT_MODIFIER=(base) DEBUGINFOD_URLS=https://debuginfod.ubuntu.com PYTHONPATH=/home/dok4ever/ros2_tutorial_workspace/build/python_package_that_uses_the_library/prefix_override:/usr/lib/python3/dist-packages/colcon_core/task/python/colcon_distutils_commands:/home/dok4ever/ros2_tutorial_workspace/install/python_package_that_uses_the_library/lib/python3.12/site-packages:/home/dok4ever/ros2_tutorial_workspace/install/python_package_with_a_library/lib/python3.12/site-packages:/home/dok4ever/ros2_tutorial_workspace/install/python_package_that_uses_the_library/lib/python3.12/site-packages:/home/dok4ever/ros2_tutorial_workspace/install/the_simplest_python_package/lib/python3.12/site-packages:/home/dok4ever/ros2_tutorial_workspace/install/python_package_with_a_node/lib/python3.12/site-packages:/opt/ros/kilted/lib/python3.12/site-packages /usr/bin/python3 -W ignore:setup.py install is deprecated -W ignore:easy_install command is deprecated setup.py egg_info --egg-base ../../build/python_package_that_uses_the_library build --build-base /home/dok4ever/ros2_tutorial_workspace/build/python_package_that_uses_the_library/build install --record /home/dok4ever/ros2_tutorial_workspace/build/python_package_that_uses_the_library/install.log --single-version-externally-managed install_data
