[1.150s] Invoking command in '/home/dok4ever/ros2_tutorial_workspace/src/the_simplest_python_package': CONDA_PROMPT_MODIFIER=(base) DEBUGINFOD_URLS=https://debuginfod.ubuntu.com PYTHONPATH=/home/dok4ever/ros2_tutorial_workspace/build/the_simplest_python_package/prefix_override:/usr/lib/python3/dist-packages/colcon_core/task/python/colcon_distutils_commands:/home/dok4ever/ros2_tutorial_workspace/install/the_simplest_python_package/lib/python3.12/site-packages:${PYTHONPATH} /usr/bin/python3 -W ignore:setup.py install is deprecated -W ignore:easy_install command is deprecated setup.py egg_info --egg-base ../../build/the_simplest_python_package build --build-base /home/dok4ever/ros2_tutorial_workspace/build/the_simplest_python_package/build install --record /home/dok4ever/ros2_tutorial_workspace/build/the_simplest_python_package/install.log --single-version-externally-managed install_data
[1.536s] running egg_info
[1.536s] creating ../../build/the_simplest_python_package/the_simplest_python_package.egg-info
[1.562s] writing ../../build/the_simplest_python_package/the_simplest_python_package.egg-info/PKG-INFO
[1.563s] writing dependency_links to ../../build/the_simplest_python_package/the_simplest_python_package.egg-info/dependency_links.txt
[1.563s] writing requirements to ../../build/the_simplest_python_package/the_simplest_python_package.egg-info/requires.txt
[1.563s] writing top-level names to ../../build/the_simplest_python_package/the_simplest_python_package.egg-info/top_level.txt
[1.563s] writing manifest file '../../build/the_simplest_python_package/the_simplest_python_package.egg-info/SOURCES.txt'
[1.619s] reading manifest file '../../build/the_simplest_python_package/the_simplest_python_package.egg-info/SOURCES.txt'
[1.620s] writing manifest file '../../build/the_simplest_python_package/the_simplest_python_package.egg-info/SOURCES.txt'
[1.620s] running build
[1.620s] running build_py
[1.621s] creating /home/dok4ever/ros2_tutorial_workspace/build/the_simplest_python_package/build
[1.621s] creating /home/dok4ever/ros2_tutorial_workspace/build/the_simplest_python_package/build/lib
[1.621s] creating /home/dok4ever/ros2_tutorial_workspace/build/the_simplest_python_package/build/lib/the_simplest_python_package
[1.621s] copying the_simplest_python_package/__init__.py -> /home/dok4ever/ros2_tutorial_workspace/build/the_simplest_python_package/build/lib/the_simplest_python_package
[1.622s] running install
[1.630s] running install_lib
[1.658s] creating /home/dok4ever/ros2_tutorial_workspace/install/the_simplest_python_package/lib/python3.12/site-packages/the_simplest_python_package
[1.658s] copying /home/dok4ever/ros2_tutorial_workspace/build/the_simplest_python_package/build/lib/the_simplest_python_package/__init__.py -> /home/dok4ever/ros2_tutorial_workspace/install/the_simplest_python_package/lib/python3.12/site-packages/the_simplest_python_package
[1.659s] byte-compiling /home/dok4ever/ros2_tutorial_workspace/install/the_simplest_python_package/lib/python3.12/site-packages/the_simplest_python_package/__init__.py to __init__.cpython-312.pyc
[1.659s] running install_data
[1.659s] creating /home/dok4ever/ros2_tutorial_workspace/install/the_simplest_python_package/share/ament_index
[1.659s] creating /home/dok4ever/ros2_tutorial_workspace/install/the_simplest_python_package/share/ament_index/resource_index
[1.659s] creating /home/dok4ever/ros2_tutorial_workspace/install/the_simplest_python_package/share/ament_index/resource_index/packages
[1.660s] copying resource/the_simplest_python_package -> /home/dok4ever/ros2_tutorial_workspace/install/the_simplest_python_package/share/ament_index/resource_index/packages
[1.660s] copying package.xml -> /home/dok4ever/ros2_tutorial_workspace/install/the_simplest_python_package/share/the_simplest_python_package
[1.660s] running install_egg_info
[1.689s] Copying ../../build/the_simplest_python_package/the_simplest_python_package.egg-info to /home/dok4ever/ros2_tutorial_workspace/install/the_simplest_python_package/lib/python3.12/site-packages/the_simplest_python_package-0.0.0-py3.12.egg-info
[1.690s] running install_scripts
[1.884s] writing list of installed files to '/home/dok4ever/ros2_tutorial_workspace/build/the_simplest_python_package/install.log'
[1.921s] Invoked command in '/home/dok4ever/ros2_tutorial_workspace/src/the_simplest_python_package' returned '0': CONDA_PROMPT_MODIFIER=(base) DEBUGINFOD_URLS=https://debuginfod.ubuntu.com PYTHONPATH=/home/dok4ever/ros2_tutorial_workspace/build/the_simplest_python_package/prefix_override:/usr/lib/python3/dist-packages/colcon_core/task/python/colcon_distutils_commands:/home/dok4ever/ros2_tutorial_workspace/install/the_simplest_python_package/lib/python3.12/site-packages:${PYTHONPATH} /usr/bin/python3 -W ignore:setup.py install is deprecated -W ignore:easy_install command is deprecated setup.py egg_info --egg-base ../../build/the_simplest_python_package build --build-base /home/dok4ever/ros2_tutorial_workspace/build/the_simplest_python_package/build install --record /home/dok4ever/ros2_tutorial_workspace/build/the_simplest_python_package/install.log --single-version-externally-managed install_data
