[1.571s] Invoking command in '/home/dok4ever/ros2_tutorial_workspace/src/python_package_with_a_node': CONDA_PROMPT_MODIFIER=(base) DEBUGINFOD_URLS=https://debuginfod.ubuntu.com PYTHONPATH=/home/dok4ever/ros2_tutorial_workspace/build/python_package_with_a_node/prefix_override:/usr/lib/python3/dist-packages/colcon_core/task/python/colcon_distutils_commands:/home/dok4ever/ros2_tutorial_workspace/install/python_package_with_a_node/lib/python3.12/site-packages:${PYTHONPATH} /usr/bin/python3 -W ignore:setup.py install is deprecated -W ignore:easy_install command is deprecated setup.py egg_info --egg-base ../../build/python_package_with_a_node build --build-base /home/dok4ever/ros2_tutorial_workspace/build/python_package_with_a_node/build install --record /home/dok4ever/ros2_tutorial_workspace/build/python_package_with_a_node/install.log --single-version-externally-managed install_data
[1.964s] running egg_info
[1.993s] writing ../../build/python_package_with_a_node/python_package_with_a_node.egg-info/PKG-INFO
[1.993s] writing dependency_links to ../../build/python_package_with_a_node/python_package_with_a_node.egg-info/dependency_links.txt
[1.993s] writing entry points to ../../build/python_package_with_a_node/python_package_with_a_node.egg-info/entry_points.txt
[1.993s] writing requirements to ../../build/python_package_with_a_node/python_package_with_a_node.egg-info/requires.txt
[1.993s] writing top-level names to ../../build/python_package_with_a_node/python_package_with_a_node.egg-info/top_level.txt
[2.047s] reading manifest file '../../build/python_package_with_a_node/python_package_with_a_node.egg-info/SOURCES.txt'
[2.049s] writing manifest file '../../build/python_package_with_a_node/python_package_with_a_node.egg-info/SOURCES.txt'
[2.049s] running build
[2.049s] running build_py
[2.052s] running install
[2.060s] running install_lib
[2.085s] running install_data
[2.085s] copying package.xml -> /home/dok4ever/ros2_tutorial_workspace/install/python_package_with_a_node/share/python_package_with_a_node
[2.085s] running install_egg_info
[2.115s] removing '/home/dok4ever/ros2_tutorial_workspace/install/python_package_with_a_node/lib/python3.12/site-packages/python_package_with_a_node-0.0.0-py3.12.egg-info' (and everything under it)
[2.117s] Copying ../../build/python_package_with_a_node/python_package_with_a_node.egg-info to /home/dok4ever/ros2_tutorial_workspace/install/python_package_with_a_node/lib/python3.12/site-packages/python_package_with_a_node-0.0.0-py3.12.egg-info
[2.117s] running install_scripts
[2.320s] Installing sample_python_node script to /home/dok4ever/ros2_tutorial_workspace/install/python_package_with_a_node/lib/python_package_with_a_node
[2.321s] writing list of installed files to '/home/dok4ever/ros2_tutorial_workspace/build/python_package_with_a_node/install.log'
[2.361s] Invoked command in '/home/dok4ever/ros2_tutorial_workspace/src/python_package_with_a_node' returned '0': CONDA_PROMPT_MODIFIER=(base) DEBUGINFOD_URLS=https://debuginfod.ubuntu.com PYTHONPATH=/home/dok4ever/ros2_tutorial_workspace/build/python_package_with_a_node/prefix_override:/usr/lib/python3/dist-packages/colcon_core/task/python/colcon_distutils_commands:/home/dok4ever/ros2_tutorial_workspace/install/python_package_with_a_node/lib/python3.12/site-packages:${PYTHONPATH} /usr/bin/python3 -W ignore:setup.py install is deprecated -W ignore:easy_install command is deprecated setup.py egg_info --egg-base ../../build/python_package_with_a_node build --build-base /home/dok4ever/ros2_tutorial_workspace/build/python_package_with_a_node/build install --record /home/dok4ever/ros2_tutorial_workspace/build/python_package_with_a_node/install.log --single-version-externally-managed install_data
